2021-08-20 20:15:55.160 INFO  main [com.example.demo.DemoApplication:?]-Starting DemoApplication using Java 1.8.0_151 on WIN-1UA6L7KRUM9 with PID 12736 (D:\Program Files (x86)\springboot-yidong\target\classes started by Administrator in D:\Program Files (x86)\springboot-yidong)
2021-08-20 20:15:55.161 INFO  main [com.example.demo.DemoApplication:?]-No active profile set, falling back to default profiles: default
2021-08-20 20:15:56.173 INFO  main [org.springframework.data.repository.config.RepositoryConfigurationDelegate:?]-Multiple Spring Data modules found, entering strict repository configuration mode!
2021-08-20 20:15:56.175 INFO  main [org.springframework.data.repository.config.RepositoryConfigurationDelegate:?]-Bootstrapping Spring Data Redis repositories in DEFAULT mode.
2021-08-20 20:15:56.207 INFO  main [org.springframework.data.repository.config.RepositoryConfigurationDelegate:?]-Finished Spring Data repository scanning in 14 ms. Found 0 Redis repository interfaces.
2021-08-20 20:15:56.786 INFO  main [org.springframework.boot.web.embedded.tomcat.TomcatWebServer:?]-Tomcat initialized with port(s): 8082 (http)
2021-08-20 20:15:56.798 INFO  main [org.apache.catalina.core.StandardService:?]-Starting service [Tomcat]
2021-08-20 20:15:56.798 INFO  main [org.apache.catalina.core.StandardEngine:?]-Starting Servlet engine: [Apache Tomcat/9.0.48]
2021-08-20 20:15:56.898 INFO  main [org.apache.catalina.core.ContainerBase.[Tomcat].[localhost].[/]:?]-Initializing Spring embedded WebApplicationContext
2021-08-20 20:15:56.899 INFO  main [org.springframework.boot.web.servlet.context.ServletWebServerApplicationContext:?]-Root WebApplicationContext: initialization completed in 1663 ms
2021-08-20 20:15:57.902 WARN  main [org.springframework.boot.autoconfigure.thymeleaf.ThymeleafAutoConfiguration$DefaultTemplateResolverConfiguration:?]-Cannot find template location: classpath:/templates/ (please add some templates or check your Thymeleaf configuration)
2021-08-20 20:15:58.140 WARN  main [org.springframework.boot.autoconfigure.freemarker.FreeMarkerAutoConfiguration:?]-Cannot find template location(s): [classpath:/templates/] (please add some templates, check your FreeMarker configuration, or set spring.freemarker.checkTemplateLocation=false)
2021-08-20 20:15:58.226 INFO  main [org.springframework.boot.web.embedded.tomcat.TomcatWebServer:?]-Tomcat started on port(s): 8082 (http) with context path ''
2021-08-20 20:15:58.239 INFO  main [com.example.demo.DemoApplication:?]-Started DemoApplication in 3.787 seconds (JVM running for 4.818)
2021-08-20 21:49:29.763 INFO  main [com.example.demo.DemoApplication:?]-Starting DemoApplication using Java 1.8.0_151 on WIN-1UA6L7KRUM9 with PID 25668 (D:\Program Files (x86)\springboot-yidong\target\classes started by Administrator in D:\Program Files (x86)\springboot-yidong)
2021-08-20 21:49:29.765 INFO  main [com.example.demo.DemoApplication:?]-No active profile set, falling back to default profiles: default
2021-08-20 21:49:31.879 INFO  main [org.springframework.data.repository.config.RepositoryConfigurationDelegate:?]-Multiple Spring Data modules found, entering strict repository configuration mode!
2021-08-20 21:49:31.882 INFO  main [org.springframework.data.repository.config.RepositoryConfigurationDelegate:?]-Bootstrapping Spring Data Redis repositories in DEFAULT mode.
2021-08-20 21:49:31.922 INFO  main [org.springframework.data.repository.config.RepositoryConfigurationDelegate:?]-Finished Spring Data repository scanning in 13 ms. Found 0 Redis repository interfaces.
2021-08-20 21:49:32.600 INFO  main [org.springframework.boot.web.embedded.tomcat.TomcatWebServer:?]-Tomcat initialized with port(s): 8082 (http)
2021-08-20 21:49:32.614 INFO  main [org.apache.catalina.core.StandardService:?]-Starting service [Tomcat]
2021-08-20 21:49:32.614 INFO  main [org.apache.catalina.core.StandardEngine:?]-Starting Servlet engine: [Apache Tomcat/9.0.48]
2021-08-20 21:49:32.731 INFO  main [org.apache.catalina.core.ContainerBase.[Tomcat].[localhost].[/]:?]-Initializing Spring embedded WebApplicationContext
2021-08-20 21:49:32.731 INFO  main [org.springframework.boot.web.servlet.context.ServletWebServerApplicationContext:?]-Root WebApplicationContext: initialization completed in 2881 ms
2021-08-20 21:49:33.852 WARN  main [org.springframework.boot.autoconfigure.thymeleaf.ThymeleafAutoConfiguration$DefaultTemplateResolverConfiguration:?]-Cannot find template location: classpath:/templates/ (please add some templates or check your Thymeleaf configuration)
2021-08-20 21:49:34.183 WARN  main [org.springframework.boot.autoconfigure.freemarker.FreeMarkerAutoConfiguration:?]-Cannot find template location(s): [classpath:/templates/] (please add some templates, check your FreeMarker configuration, or set spring.freemarker.checkTemplateLocation=false)
2021-08-20 21:49:34.269 INFO  main [org.springframework.boot.web.embedded.tomcat.TomcatWebServer:?]-Tomcat started on port(s): 8082 (http) with context path ''
2021-08-20 21:49:34.280 INFO  main [com.example.demo.DemoApplication:?]-Started DemoApplication in 5.513 seconds (JVM running for 7.11)
2021-08-20 21:50:47.492 INFO  http-nio-8082-exec-1 [org.apache.catalina.core.ContainerBase.[Tomcat].[localhost].[/]:?]-Initializing Spring DispatcherServlet 'dispatcherServlet'
2021-08-20 21:50:47.492 INFO  http-nio-8082-exec-1 [org.springframework.web.servlet.DispatcherServlet:?]-Initializing Servlet 'dispatcherServlet'
2021-08-20 21:50:47.493 INFO  http-nio-8082-exec-1 [org.springframework.web.servlet.DispatcherServlet:?]-Completed initialization in 1 ms
2021-08-20 21:51:31.742 INFO  main [com.example.demo.DemoApplication:?]-Starting DemoApplication using Java 1.8.0_151 on WIN-1UA6L7KRUM9 with PID 14968 (D:\Program Files (x86)\springboot-yidong\target\classes started by Administrator in D:\Program Files (x86)\springboot-yidong)
2021-08-20 21:51:31.748 INFO  main [com.example.demo.DemoApplication:?]-No active profile set, falling back to default profiles: default
2021-08-20 21:51:32.911 INFO  main [org.springframework.data.repository.config.RepositoryConfigurationDelegate:?]-Multiple Spring Data modules found, entering strict repository configuration mode!
2021-08-20 21:51:32.913 INFO  main [org.springframework.data.repository.config.RepositoryConfigurationDelegate:?]-Bootstrapping Spring Data Redis repositories in DEFAULT mode.
2021-08-20 21:51:32.955 INFO  main [org.springframework.data.repository.config.RepositoryConfigurationDelegate:?]-Finished Spring Data repository scanning in 25 ms. Found 0 Redis repository interfaces.
2021-08-20 21:51:34.040 INFO  main [org.springframework.boot.web.embedded.tomcat.TomcatWebServer:?]-Tomcat initialized with port(s): 8082 (http)
2021-08-20 21:51:34.053 INFO  main [org.apache.catalina.core.StandardService:?]-Starting service [Tomcat]
2021-08-20 21:51:34.053 INFO  main [org.apache.catalina.core.StandardEngine:?]-Starting Servlet engine: [Apache Tomcat/9.0.48]
2021-08-20 21:51:34.197 INFO  main [org.apache.catalina.core.ContainerBase.[Tomcat].[localhost].[/]:?]-Initializing Spring embedded WebApplicationContext
2021-08-20 21:51:34.197 INFO  main [org.springframework.boot.web.servlet.context.ServletWebServerApplicationContext:?]-Root WebApplicationContext: initialization completed in 2320 ms
2021-08-20 21:51:35.944 WARN  main [org.springframework.boot.autoconfigure.thymeleaf.ThymeleafAutoConfiguration$DefaultTemplateResolverConfiguration:?]-Cannot find template location: classpath:/templates/ (please add some templates or check your Thymeleaf configuration)
2021-08-20 21:51:36.778 WARN  main [org.springframework.boot.autoconfigure.freemarker.FreeMarkerAutoConfiguration:?]-Cannot find template location(s): [classpath:/templates/] (please add some templates, check your FreeMarker configuration, or set spring.freemarker.checkTemplateLocation=false)
2021-08-20 21:51:37.003 INFO  main [org.springframework.boot.web.embedded.tomcat.TomcatWebServer:?]-Tomcat started on port(s): 8082 (http) with context path ''
2021-08-20 21:51:37.022 INFO  main [com.example.demo.DemoApplication:?]-Started DemoApplication in 6.171 seconds (JVM running for 7.491)
2021-08-20 21:53:20.985 INFO  http-nio-8082-exec-1 [org.apache.catalina.core.ContainerBase.[Tomcat].[localhost].[/]:?]-Initializing Spring DispatcherServlet 'dispatcherServlet'
2021-08-20 21:53:20.985 INFO  http-nio-8082-exec-1 [org.springframework.web.servlet.DispatcherServlet:?]-Initializing Servlet 'dispatcherServlet'
2021-08-20 21:53:20.987 INFO  http-nio-8082-exec-1 [org.springframework.web.servlet.DispatcherServlet:?]-Completed initialization in 2 ms
